2021-07-05 10:10:55,405 - log\train.log - INFO - num_words      :	4314
2021-07-05 10:10:55,405 - log\train.log - INFO - word_dim       :	100
2021-07-05 10:10:55,405 - log\train.log - INFO - num_tags       :	13
2021-07-05 10:10:55,405 - log\train.log - INFO - seg_dim        :	20
2021-07-05 10:10:55,405 - log\train.log - INFO - lstm_dim       :	100
2021-07-05 10:10:55,405 - log\train.log - INFO - batch_size     :	120
2021-07-05 10:10:55,406 - log\train.log - INFO - optimizer      :	adam
2021-07-05 10:10:55,406 - log\train.log - INFO - emb_file       :	data\wiki_100.utf8
2021-07-05 10:10:55,406 - log\train.log - INFO - clip           :	5.0
2021-07-05 10:10:55,406 - log\train.log - INFO - dropout_keep   :	0.5
2021-07-05 10:10:55,406 - log\train.log - INFO - lr             :	0.001
2021-07-05 10:10:55,407 - log\train.log - INFO - tag_schema     :	BIOES
2021-07-05 10:10:55,408 - log\train.log - INFO - pre_emb        :	True
2021-07-05 10:10:59,079 - log\train.log - INFO - 重新训练模型
2021-07-05 10:11:00,360 - log\train.log - INFO - 加载词向量成功
2021-07-05 10:11:00,361 - log\train.log - INFO - 开始训练
2021-07-05 10:11:15,014 - log\train.log - INFO - iteration:1 step100/174,NER loss:28.779055
2021-07-05 10:11:22,858 - log\train.log - INFO - evaluate:dev
2021-07-05 10:11:27,669 - log\train.log - INFO - processed 109870 tokens with 3819 phrases; found: 3464 phrases; correct: 1141.

2021-07-05 10:11:27,669 - log\train.log - INFO - accuracy:  93.47%; precision:  32.94%; recall:  29.88%; FB1:  31.33

2021-07-05 10:11:27,669 - log\train.log - INFO -               LOC: precision:  44.28%; recall:  40.90%; FB1:  42.53  1802

2021-07-05 10:11:27,669 - log\train.log - INFO -               ORG: precision:  21.72%; recall:  20.83%; FB1:  21.27  944

2021-07-05 10:11:27,669 - log\train.log - INFO -               PER: precision:  19.22%; recall:  15.61%; FB1:  17.23  718

2021-07-05 10:11:27,781 - log\train.log - INFO - new best dev f1 socre:31.330
2021-07-05 10:11:29,414 - log\train.log - INFO - 模型已经保存
2021-07-05 10:11:29,414 - log\train.log - INFO - evaluate:test
2021-07-05 10:11:38,153 - log\train.log - INFO - processed 219197 tokens with 7707 phrases; found: 7239 phrases; correct: 2328.

2021-07-05 10:11:38,153 - log\train.log - INFO - accuracy:  93.53%; precision:  32.16%; recall:  30.21%; FB1:  31.15

2021-07-05 10:11:38,153 - log\train.log - INFO -               LOC: precision:  43.33%; recall:  42.43%; FB1:  42.87  3582

2021-07-05 10:11:38,154 - log\train.log - INFO -               ORG: precision:  21.68%; recall:  20.23%; FB1:  20.93  2039

2021-07-05 10:11:38,154 - log\train.log - INFO -               PER: precision:  20.64%; recall:  17.92%; FB1:  19.18  1618

2021-07-05 10:11:38,264 - log\train.log - INFO - new best test f1 score:31.150
2021-07-05 10:11:41,478 - log\train.log - INFO - iteration:2 step26/174,NER loss:12.861551
2021-07-05 10:11:54,117 - log\train.log - INFO - iteration:2 step126/174,NER loss: 8.896910
2021-07-05 10:11:59,685 - log\train.log - INFO - evaluate:dev
2021-07-05 10:12:04,380 - log\train.log - INFO - processed 109870 tokens with 3819 phrases; found: 3400 phrases; correct: 2233.

2021-07-05 10:12:04,380 - log\train.log - INFO - accuracy:  95.89%; precision:  65.68%; recall:  58.47%; FB1:  61.86

2021-07-05 10:12:04,380 - log\train.log - INFO -               LOC: precision:  70.97%; recall:  62.79%; FB1:  66.63  1726

2021-07-05 10:12:04,380 - log\train.log - INFO -               ORG: precision:  53.70%; recall:  45.73%; FB1:  49.40  838

2021-07-05 10:12:04,380 - log\train.log - INFO -               PER: precision:  66.75%; recall:  63.12%; FB1:  64.88  836

2021-07-05 10:12:04,467 - log\train.log - INFO - new best dev f1 socre:61.860
2021-07-05 10:12:06,531 - log\train.log - INFO - 模型已经保存
2021-07-05 10:12:06,531 - log\train.log - INFO - evaluate:test
2021-07-05 10:12:15,457 - log\train.log - INFO - processed 219197 tokens with 7707 phrases; found: 6974 phrases; correct: 4688.

2021-07-05 10:12:15,457 - log\train.log - INFO - accuracy:  95.99%; precision:  67.22%; recall:  60.83%; FB1:  63.86

2021-07-05 10:12:15,457 - log\train.log - INFO -               LOC: precision:  71.99%; recall:  63.94%; FB1:  67.73  3249

2021-07-05 10:12:15,457 - log\train.log - INFO -               ORG: precision:  56.92%; recall:  49.29%; FB1:  52.83  1892

2021-07-05 10:12:15,457 - log\train.log - INFO -               PER: precision:  69.39%; recall:  68.24%; FB1:  68.81  1833

2021-07-05 10:12:15,539 - log\train.log - INFO - new best test f1 score:63.860
2021-07-05 10:12:23,213 - log\train.log - INFO - iteration:3 step52/174,NER loss: 7.149198
2021-07-05 10:12:34,792 - log\train.log - INFO - iteration:3 step152/174,NER loss: 5.879968
2021-07-05 10:12:36,990 - log\train.log - INFO - evaluate:dev
2021-07-05 10:12:41,637 - log\train.log - INFO - processed 109870 tokens with 3819 phrases; found: 3489 phrases; correct: 2607.

2021-07-05 10:12:41,637 - log\train.log - INFO - accuracy:  96.72%; precision:  74.72%; recall:  68.26%; FB1:  71.35

2021-07-05 10:12:41,637 - log\train.log - INFO -               LOC: precision:  79.79%; recall:  70.02%; FB1:  74.58  1712

2021-07-05 10:12:41,637 - log\train.log - INFO -               ORG: precision:  62.86%; recall:  60.37%; FB1:  61.59  945

2021-07-05 10:12:41,637 - log\train.log - INFO -               PER: precision:  77.76%; recall:  73.19%; FB1:  75.41  832

2021-07-05 10:12:41,714 - log\train.log - INFO - new best dev f1 socre:71.350
2021-07-05 10:12:43,601 - log\train.log - INFO - 模型已经保存
2021-07-05 10:12:43,601 - log\train.log - INFO - evaluate:test
2021-07-05 10:12:52,453 - log\train.log - INFO - processed 219197 tokens with 7707 phrases; found: 7167 phrases; correct: 5325.

2021-07-05 10:12:52,453 - log\train.log - INFO - accuracy:  96.66%; precision:  74.30%; recall:  69.09%; FB1:  71.60

2021-07-05 10:12:52,453 - log\train.log - INFO -               LOC: precision:  78.97%; recall:  70.50%; FB1:  74.49  3266

2021-07-05 10:12:52,454 - log\train.log - INFO -               ORG: precision:  63.31%; recall:  61.05%; FB1:  62.16  2107

2021-07-05 10:12:52,454 - log\train.log - INFO -               PER: precision:  78.71%; recall:  75.75%; FB1:  77.20  1794

2021-07-05 10:12:52,529 - log\train.log - INFO - new best test f1 score:71.600
2021-07-05 10:13:03,374 - log\train.log - INFO - iteration:4 step78/174,NER loss: 5.185181
2021-07-05 10:13:14,164 - log\train.log - INFO - evaluate:dev
2021-07-05 10:13:18,848 - log\train.log - INFO - processed 109870 tokens with 3819 phrases; found: 3532 phrases; correct: 2805.

2021-07-05 10:13:18,848 - log\train.log - INFO - accuracy:  97.23%; precision:  79.42%; recall:  73.45%; FB1:  76.32

2021-07-05 10:13:18,848 - log\train.log - INFO -               LOC: precision:  81.83%; recall:  77.34%; FB1:  79.53  1844

2021-07-05 10:13:18,848 - log\train.log - INFO -               ORG: precision:  71.09%; recall:  63.21%; FB1:  66.92  875

2021-07-05 10:13:18,848 - log\train.log - INFO -               PER: precision:  82.90%; recall:  76.24%; FB1:  79.43  813

2021-07-05 10:13:18,925 - log\train.log - INFO - new best dev f1 socre:76.320
2021-07-05 10:13:20,514 - log\train.log - INFO - 模型已经保存
2021-07-05 10:13:20,514 - log\train.log - INFO - evaluate:test
2021-07-05 10:13:29,211 - log\train.log - INFO - processed 219197 tokens with 7707 phrases; found: 7185 phrases; correct: 5676.

2021-07-05 10:13:29,212 - log\train.log - INFO - accuracy:  97.08%; precision:  79.00%; recall:  73.65%; FB1:  76.23

2021-07-05 10:13:29,212 - log\train.log - INFO -               LOC: precision:  81.26%; recall:  77.42%; FB1:  79.29  3485

2021-07-05 10:13:29,212 - log\train.log - INFO -               ORG: precision:  70.22%; recall:  63.02%; FB1:  66.43  1961

2021-07-05 10:13:29,212 - log\train.log - INFO -               PER: precision:  84.36%; recall:  78.70%; FB1:  81.43  1739

2021-07-05 10:13:29,289 - log\train.log - INFO - new best test f1 score:76.230
2021-07-05 10:13:29,836 - log\train.log - INFO - iteration:5 step4/174,NER loss: 4.445468
2021-07-05 10:13:41,406 - log\train.log - INFO - iteration:5 step104/174,NER loss: 4.122208
2021-07-05 10:13:50,305 - log\train.log - INFO - evaluate:dev
2021-07-05 10:13:55,134 - log\train.log - INFO - processed 109870 tokens with 3819 phrases; found: 3680 phrases; correct: 2969.

2021-07-05 10:13:55,134 - log\train.log - INFO - accuracy:  97.44%; precision:  80.68%; recall:  77.74%; FB1:  79.18

2021-07-05 10:13:55,134 - log\train.log - INFO -               LOC: precision:  84.61%; recall:  80.01%; FB1:  82.24  1845

2021-07-05 10:13:55,134 - log\train.log - INFO -               ORG: precision:  74.15%; recall:  70.53%; FB1:  72.29  936

2021-07-05 10:13:55,134 - log\train.log - INFO -               PER: precision:  79.42%; recall:  80.77%; FB1:  80.09  899

2021-07-05 10:13:55,212 - log\train.log - INFO - new best dev f1 socre:79.180
2021-07-05 10:13:57,024 - log\train.log - INFO - 模型已经保存
2021-07-05 10:13:57,024 - log\train.log - INFO - evaluate:test
2021-07-05 10:14:06,072 - log\train.log - INFO - processed 219197 tokens with 7707 phrases; found: 7552 phrases; correct: 6017.

2021-07-05 10:14:06,073 - log\train.log - INFO - accuracy:  97.32%; precision:  79.67%; recall:  78.07%; FB1:  78.86

2021-07-05 10:14:06,073 - log\train.log - INFO -               LOC: precision:  83.03%; recall:  80.40%; FB1:  81.69  3542

2021-07-05 10:14:06,073 - log\train.log - INFO -               ORG: precision:  71.71%; recall:  69.61%; FB1:  70.65  2121

2021-07-05 10:14:06,073 - log\train.log - INFO -               PER: precision:  82.32%; recall:  83.42%; FB1:  82.87  1889

2021-07-05 10:14:06,152 - log\train.log - INFO - new best test f1 score:78.860
2021-07-05 10:14:09,716 - log\train.log - INFO - iteration:6 step30/174,NER loss: 3.945498
2021-07-05 10:14:21,888 - log\train.log - INFO - iteration:6 step130/174,NER loss: 3.390997
2021-07-05 10:14:28,545 - log\train.log - INFO - evaluate:dev
2021-07-05 10:14:35,322 - log\train.log - INFO - processed 109870 tokens with 3819 phrases; found: 3716 phrases; correct: 3041.

2021-07-05 10:14:35,322 - log\train.log - INFO - accuracy:  97.55%; precision:  81.84%; recall:  79.63%; FB1:  80.72

2021-07-05 10:14:35,322 - log\train.log - INFO -               LOC: precision:  84.35%; recall:  81.50%; FB1:  82.90  1885

2021-07-05 10:14:35,322 - log\train.log - INFO -               ORG: precision:  73.88%; recall:  73.88%; FB1:  73.88  984

2021-07-05 10:14:35,322 - log\train.log - INFO -               PER: precision:  85.48%; recall:  81.90%; FB1:  83.65  847

2021-07-05 10:14:35,464 - log\train.log - INFO - new best dev f1 socre:80.720
2021-07-05 10:14:37,873 - log\train.log - INFO - 模型已经保存
2021-07-05 10:14:37,873 - log\train.log - INFO - evaluate:test
2021-07-05 10:14:47,066 - log\train.log - INFO - processed 219197 tokens with 7707 phrases; found: 7609 phrases; correct: 6164.

2021-07-05 10:14:47,066 - log\train.log - INFO - accuracy:  97.43%; precision:  81.01%; recall:  79.98%; FB1:  80.49

2021-07-05 10:14:47,066 - log\train.log - INFO -               LOC: precision:  83.38%; recall:  82.56%; FB1:  82.97  3622

2021-07-05 10:14:47,067 - log\train.log - INFO -               ORG: precision:  72.45%; recall:  73.04%; FB1:  72.74  2203

2021-07-05 10:14:47,067 - log\train.log - INFO -               PER: precision:  86.77%; recall:  83.05%; FB1:  84.87  1784

2021-07-05 10:14:47,161 - log\train.log - INFO - new best test f1 score:80.490
2021-07-05 10:14:53,840 - log\train.log - INFO - iteration:7 step56/174,NER loss: 3.287116
2021-07-05 10:15:07,136 - log\train.log - INFO - iteration:7 step156/174,NER loss: 3.254119
2021-07-05 10:15:08,853 - log\train.log - INFO - evaluate:dev
2021-07-05 10:15:13,463 - log\train.log - INFO - processed 109870 tokens with 3819 phrases; found: 3733 phrases; correct: 3098.

2021-07-05 10:15:13,463 - log\train.log - INFO - accuracy:  97.65%; precision:  82.99%; recall:  81.12%; FB1:  82.04

2021-07-05 10:15:13,463 - log\train.log - INFO -               LOC: precision:  87.11%; recall:  82.11%; FB1:  84.54  1839

2021-07-05 10:15:13,463 - log\train.log - INFO -               ORG: precision:  73.44%; recall:  76.73%; FB1:  75.05  1028

2021-07-05 10:15:13,463 - log\train.log - INFO -               PER: precision:  85.57%; recall:  83.82%; FB1:  84.69  866

2021-07-05 10:15:13,546 - log\train.log - INFO - new best dev f1 socre:82.040
2021-07-05 10:15:15,359 - log\train.log - INFO - 模型已经保存
2021-07-05 10:15:15,359 - log\train.log - INFO - evaluate:test
2021-07-05 10:15:24,151 - log\train.log - INFO - processed 219197 tokens with 7707 phrases; found: 7592 phrases; correct: 6266.

2021-07-05 10:15:24,152 - log\train.log - INFO - accuracy:  97.52%; precision:  82.53%; recall:  81.30%; FB1:  81.91

2021-07-05 10:15:24,152 - log\train.log - INFO -               LOC: precision:  87.17%; recall:  83.02%; FB1:  85.05  3484

2021-07-05 10:15:24,152 - log\train.log - INFO -               ORG: precision:  71.32%; recall:  75.24%; FB1:  73.23  2305

2021-07-05 10:15:24,152 - log\train.log - INFO -               PER: precision:  87.91%; recall:  85.03%; FB1:  86.45  1803

2021-07-05 10:15:24,230 - log\train.log - INFO - new best test f1 score:81.910
2021-07-05 10:15:34,000 - log\train.log - INFO - iteration:8 step82/174,NER loss: 2.589958
2021-07-05 10:15:45,185 - log\train.log - INFO - evaluate:dev
2021-07-05 10:15:49,825 - log\train.log - INFO - processed 109870 tokens with 3819 phrases; found: 3806 phrases; correct: 3185.

2021-07-05 10:15:49,825 - log\train.log - INFO - accuracy:  97.80%; precision:  83.68%; recall:  83.40%; FB1:  83.54

2021-07-05 10:15:49,825 - log\train.log - INFO -               LOC: precision:  86.13%; recall:  85.60%; FB1:  85.86  1939

2021-07-05 10:15:49,825 - log\train.log - INFO -               ORG: precision:  75.97%; recall:  77.44%; FB1:  76.70  1003

2021-07-05 10:15:49,825 - log\train.log - INFO -               PER: precision:  87.15%; recall:  85.18%; FB1:  86.16  864

2021-07-05 10:15:49,906 - log\train.log - INFO - new best dev f1 socre:83.540
2021-07-05 10:15:51,478 - log\train.log - INFO - 模型已经保存
2021-07-05 10:15:51,478 - log\train.log - INFO - evaluate:test
2021-07-05 10:16:00,378 - log\train.log - INFO - processed 219197 tokens with 7707 phrases; found: 7758 phrases; correct: 6418.

2021-07-05 10:16:00,378 - log\train.log - INFO - accuracy:  97.63%; precision:  82.73%; recall:  83.27%; FB1:  83.00

2021-07-05 10:16:00,378 - log\train.log - INFO -               LOC: precision:  85.31%; recall:  85.57%; FB1:  85.44  3669

2021-07-05 10:16:00,378 - log\train.log - INFO -               ORG: precision:  74.21%; recall:  76.66%; FB1:  75.42  2257

2021-07-05 10:16:00,378 - log\train.log - INFO -               PER: precision:  88.05%; recall:  86.53%; FB1:  87.28  1832

2021-07-05 10:16:00,458 - log\train.log - INFO - new best test f1 score:83.000
2021-07-05 10:16:01,123 - log\train.log - INFO - iteration:9 step8/174,NER loss: 2.762887
